语法

    0 $accept: Program $end

    1 Program: ExtDefList

    2 ExtDefList: ExtDef ExtDefList
    3           | %empty

    4 ExtDef: Specifier ExtDecList SEMI
    5       | Specifier SEMI
    6       | Specifier FunDec CompSt
    7       | Specifier FunDec SEMI
    8       | Specifier error SEMI
    9       | error Specifier SEMI
   10       | error SEMI
   11       | Specifier FunDec error SEMI
   12       | Specifier error CompSt
   13       | error RP
   14       | error RC

   15 ExtDecList: VarDec
   16           | VarDec COMMA ExtDecList
   17           | VarDec ExtDecList

   18 Specifier: TYPE
   19          | StructSpecifier

   20 StructSpecifier: STRUCT OptTag LC DefList RC
   21                | STRUCT Tag
   22                | STRUCT OptTag LC error RC

   23 OptTag: ID
   24       | %empty

   25 Tag: ID

   26 VarDec: ID
   27       | VarDec LB INT RB
   28       | VarDec LB error RB

   29 FunDec: ID LP VarList RP
   30       | ID LP RP
   31       | ID LP error RP

   32 $@1: %empty

   33 FunDec: error LP VarList RP $@1

   34 VarList: ParamDec COMMA VarList
   35        | ParamDec

   36 ParamDec: Specifier VarDec

   37 CompSt: LC DefList StmtList RC
   38       | error RC

   39 StmtList: Stmt StmtList
   40         | %empty

   41 Stmt: Exp SEMI
   42     | CompSt
   43     | RETURN Exp SEMI
   44     | IF LP Exp RP Stmt
   45     | IF LP Exp RP Stmt ELSE Stmt
   46     | WHILE LP Exp RP Stmt
   47     | Exp error
   48     | error SEMI
   49     | Exp error SEMI
   50     | RETURN error SEMI
   51     | RETURN Exp error
   52     | IF LP error RP Stmt
   53     | IF LP error RP Stmt ELSE Stmt
   54     | IF error Stmt
   55     | IF error ELSE Stmt
   56     | WHILE LP error RP Stmt
   57     | WHILE error RP Stmt
   58     | WHILE error RC

   59 DefList: Def DefList
   60        | %empty

   61 Def: Specifier DecList SEMI
   62    | Specifier error SEMI
   63    | Specifier DecList error

   64 DecList: Dec
   65        | Dec COMMA DecList
   66        | error COMMA DecList

   67 Dec: VarDec
   68    | VarDec ASSIGNOP Exp
   69    | error ASSIGNOP Exp

   70 Exp: Exp ASSIGNOP Exp
   71    | Exp AND Exp
   72    | Exp OR Exp
   73    | Exp RELOP Exp
   74    | Exp PLUS Exp
   75    | Exp MINUS Exp
   76    | Exp STAR Exp
   77    | Exp DIV Exp
   78    | LP Exp RP
   79    | MINUS Exp
   80    | NOT Exp
   81    | ID LP Args RP
   82    | ID LP RP
   83    | Exp LB Exp RB
   84    | Exp DOT ID
   85    | ID
   86    | INT
   87    | FLOAT
   88    | OCTAL
   89    | HEXAL
   90    | expFLOAT
   91    | illegal_OCTAL
   92    | illegal_HEXAL
   93    | illegal_INT
   94    | illegal_FLOAT
   95    | illegal_expFLOAT
   96    | Exp ASSIGNOP error
   97    | Exp AND error
   98    | Exp OR error
   99    | Exp RELOP error
  100    | Exp PLUS error
  101    | Exp MINUS error
  102    | Exp STAR error
  103    | Exp DIV error
  104    | LP error RP
  105    | MINUS error
  106    | NOT error
  107    | ID LP error RP
  108    | ID LP error SEMI
  109    | Exp LB error RB
  110    | Exp LB error SEMI

  111 Args: Exp COMMA Args
  112     | Exp


终结语词，附有它们出现处的规则

    $end (0) 0
    error (256) 8 9 10 11 12 13 14 22 28 31 33 38 47 48 49 50 51 52 53 54 55 56 57 58 62 63 66 69 96 97 98 99 100 101 102 103 104 105 106 107 108 109 110
    ID <nodep> (258) 23 25 26 29 30 31 81 82 84 85 107 108
    SEMI <nodep> (259) 4 5 7 8 9 10 11 41 43 48 49 50 61 62 108 110
    COMMA <nodep> (260) 16 34 65 66 111
    LC <nodep> (261) 20 22 37
    RC <nodep> (262) 14 20 22 37 38 58
    INT <nodep> (263) 27 86
    OCTAL <nodep> (264) 88
    HEXAL <nodep> (265) 89
    illegal_INT <nodep> (266) 93
    illegal_OCTAL <nodep> (267) 91
    illegal_HEXAL <nodep> (268) 92
    FLOAT <nodep> (269) 87
    expFLOAT <nodep> (270) 90
    illegal_FLOAT <nodep> (271) 94
    illegal_expFLOAT <nodep> (272) 95
    TYPE <nodep> (273) 18
    STRUCT <nodep> (274) 20 21 22
    RETURN <nodep> (275) 43 50 51
    IF <nodep> (276) 44 45 52 53 54 55
    ELSE <nodep> (277) 45 53 55
    WHILE <nodep> (278) 46 56 57 58
    ASSIGNOP <nodep> (279) 68 69 70 96
    OR <nodep> (280) 72 98
    AND <nodep> (281) 71 97
    RELOP <nodep> (282) 73 99
    PLUS <nodep> (283) 74 100
    MINUS <nodep> (284) 75 79 101 105
    STAR <nodep> (285) 76 102
    DIV <nodep> (286) 77 103
    NOT <nodep> (287) 80 106
    DOT <nodep> (288) 84
    LP <nodep> (289) 29 30 31 33 44 45 46 52 53 56 78 81 82 104 107 108
    RP <nodep> (290) 13 29 30 31 33 44 45 46 52 53 56 57 78 81 82 104 107
    LB <nodep> (291) 27 28 83 109 110
    RB <nodep> (292) 27 28 83 109
    HIGHER_THAN_MINUS (293)
    LOWER_THAN_ELSE (294)


非终结语词，附有它们出现处的规则

    $accept (40)
        on left: 0
    Program <nodep> (41)
        on left: 1
        on right: 0
    ExtDefList <nodep> (42)
        on left: 2 3
        on right: 1 2
    ExtDef <nodep> (43)
        on left: 4 5 6 7 8 9 10 11 12 13 14
        on right: 2
    ExtDecList <nodep> (44)
        on left: 15 16 17
        on right: 4 16 17
    Specifier <nodep> (45)
        on left: 18 19
        on right: 4 5 6 7 8 9 11 12 36 61 62 63
    StructSpecifier <nodep> (46)
        on left: 20 21 22
        on right: 19
    OptTag <nodep> (47)
        on left: 23 24
        on right: 20 22
    Tag <nodep> (48)
        on left: 25
        on right: 21
    VarDec <nodep> (49)
        on left: 26 27 28
        on right: 15 16 17 27 28 36 67 68
    FunDec <nodep> (50)
        on left: 29 30 31 33
        on right: 6 7 11
    $@1 (51)
        on left: 32
        on right: 33
    VarList <nodep> (52)
        on left: 34 35
        on right: 29 33 34
    ParamDec <nodep> (53)
        on left: 36
        on right: 34 35
    CompSt <nodep> (54)
        on left: 37 38
        on right: 6 12 42
    StmtList <nodep> (55)
        on left: 39 40
        on right: 37 39
    Stmt <nodep> (56)
        on left: 41 42 43 44 45 46 47 48 49 50 51 52 53 54 55 56 57 58
        on right: 39 44 45 46 52 53 54 55 56 57
    DefList <nodep> (57)
        on left: 59 60
        on right: 20 37 59
    Def <nodep> (58)
        on left: 61 62 63
        on right: 59
    DecList <nodep> (59)
        on left: 64 65 66
        on right: 61 63 65 66
    Dec <nodep> (60)
        on left: 67 68 69
        on right: 64 65
    Exp <nodep> (61)
        on left: 70 71 72 73 74 75 76 77 78 79 80 81 82 83 84 85 86 87 88 89 90 91 92 93 94 95 96 97 98 99 100 101 102 103 104 105 106 107 108 109 110
        on right: 41 43 44 45 46 47 49 51 68 69 70 71 72 73 74 75 76 77 78 79 80 83 84 96 97 98 99 100 101 102 103 109 110 111 112
    Args <nodep> (62)
        on left: 111 112
        on right: 81 111


状态 0

    0 $accept: . Program $end

    error   偏移，并进入状态 1
    TYPE    偏移，并进入状态 2
    STRUCT  偏移，并进入状态 3

    $end  使用规则 3 以归约 (ExtDefList)

    Program          转到状态 4
    ExtDefList       转到状态 5
    ExtDef           转到状态 6
    Specifier        转到状态 7
    StructSpecifier  转到状态 8


状态 1

    9 ExtDef: error . Specifier SEMI
   10       | error . SEMI
   13       | error . RP
   14       | error . RC

    SEMI    偏移，并进入状态 9
    RC      偏移，并进入状态 10
    TYPE    偏移，并进入状态 2
    STRUCT  偏移，并进入状态 3
    RP      偏移，并进入状态 11

    Specifier        转到状态 12
    StructSpecifier  转到状态 8


状态 2

   18 Specifier: TYPE .

    $default  使用规则 18 以归约 (Specifier)


状态 3

   20 StructSpecifier: STRUCT . OptTag LC DefList RC
   21                | STRUCT . Tag
   22                | STRUCT . OptTag LC error RC

    ID  偏移，并进入状态 13

    $default  使用规则 24 以归约 (OptTag)

    OptTag  转到状态 14
    Tag     转到状态 15


状态 4

    0 $accept: Program . $end

    $end  偏移，并进入状态 16


状态 5

    1 Program: ExtDefList .

    $default  使用规则 1 以归约 (Program)


状态 6

    2 ExtDefList: ExtDef . ExtDefList

    error   偏移，并进入状态 1
    TYPE    偏移，并进入状态 2
    STRUCT  偏移，并进入状态 3

    $end  使用规则 3 以归约 (ExtDefList)

    ExtDefList       转到状态 17
    ExtDef           转到状态 6
    Specifier        转到状态 7
    StructSpecifier  转到状态 8


状态 7

    4 ExtDef: Specifier . ExtDecList SEMI
    5       | Specifier . SEMI
    6       | Specifier . FunDec CompSt
    7       | Specifier . FunDec SEMI
    8       | Specifier . error SEMI
   11       | Specifier . FunDec error SEMI
   12       | Specifier . error CompSt

    error  偏移，并进入状态 18
    ID     偏移，并进入状态 19
    SEMI   偏移，并进入状态 20

    ExtDecList  转到状态 21
    VarDec      转到状态 22
    FunDec      转到状态 23


状态 8

   19 Specifier: StructSpecifier .

    $default  使用规则 19 以归约 (Specifier)


状态 9

   10 ExtDef: error SEMI .

    $default  使用规则 10 以归约 (ExtDef)


状态 10

   14 ExtDef: error RC .

    $default  使用规则 14 以归约 (ExtDef)


状态 11

   13 ExtDef: error RP .

    $default  使用规则 13 以归约 (ExtDef)


状态 12

    9 ExtDef: error Specifier . SEMI

    SEMI  偏移，并进入状态 24


状态 13

   23 OptTag: ID .
   25 Tag: ID .

    LC        使用规则 23 以归约 (OptTag)
    $default  使用规则 25 以归约 (Tag)


状态 14

   20 StructSpecifier: STRUCT OptTag . LC DefList RC
   22                | STRUCT OptTag . LC error RC

    LC  偏移，并进入状态 25


状态 15

   21 StructSpecifier: STRUCT Tag .

    $default  使用规则 21 以归约 (StructSpecifier)


状态 16

    0 $accept: Program $end .

    $default  接受


状态 17

    2 ExtDefList: ExtDef ExtDefList .

    $default  使用规则 2 以归约 (ExtDefList)


状态 18

    8 ExtDef: Specifier error . SEMI
   12       | Specifier error . CompSt
   33 FunDec: error . LP VarList RP $@1

    error  偏移，并进入状态 26
    SEMI   偏移，并进入状态 27
    LC     偏移，并进入状态 28
    LP     偏移，并进入状态 29

    CompSt  转到状态 30


状态 19

   26 VarDec: ID .
   29 FunDec: ID . LP VarList RP
   30       | ID . LP RP
   31       | ID . LP error RP

    LP  偏移，并进入状态 31

    $default  使用规则 26 以归约 (VarDec)


状态 20

    5 ExtDef: Specifier SEMI .

    $default  使用规则 5 以归约 (ExtDef)


状态 21

    4 ExtDef: Specifier ExtDecList . SEMI

    SEMI  偏移，并进入状态 32


状态 22

   15 ExtDecList: VarDec .
   16           | VarDec . COMMA ExtDecList
   17           | VarDec . ExtDecList
   27 VarDec: VarDec . LB INT RB
   28       | VarDec . LB error RB

    ID     偏移，并进入状态 33
    COMMA  偏移，并进入状态 34
    LB     偏移，并进入状态 35

    $default  使用规则 15 以归约 (ExtDecList)

    ExtDecList  转到状态 36
    VarDec      转到状态 22


状态 23

    6 ExtDef: Specifier FunDec . CompSt
    7       | Specifier FunDec . SEMI
   11       | Specifier FunDec . error SEMI

    error  偏移，并进入状态 37
    SEMI   偏移，并进入状态 38
    LC     偏移，并进入状态 28

    CompSt  转到状态 39


状态 24

    9 ExtDef: error Specifier SEMI .

    $default  使用规则 9 以归约 (ExtDef)


状态 25

   20 StructSpecifier: STRUCT OptTag LC . DefList RC
   22                | STRUCT OptTag LC . error RC

    error   偏移，并进入状态 40
    TYPE    偏移，并进入状态 2
    STRUCT  偏移，并进入状态 3

    RC  使用规则 60 以归约 (DefList)

    Specifier        转到状态 41
    StructSpecifier  转到状态 8
    DefList          转到状态 42
    Def              转到状态 43


状态 26

   38 CompSt: error . RC

    RC  偏移，并进入状态 44


状态 27

    8 ExtDef: Specifier error SEMI .

    $default  使用规则 8 以归约 (ExtDef)


状态 28

   37 CompSt: LC . DefList StmtList RC

    TYPE    偏移，并进入状态 2
    STRUCT  偏移，并进入状态 3

    $default  使用规则 60 以归约 (DefList)

    Specifier        转到状态 41
    StructSpecifier  转到状态 8
    DefList          转到状态 45
    Def              转到状态 43


状态 29

   33 FunDec: error LP . VarList RP $@1

    TYPE    偏移，并进入状态 2
    STRUCT  偏移，并进入状态 3

    Specifier        转到状态 46
    StructSpecifier  转到状态 8
    VarList          转到状态 47
    ParamDec         转到状态 48


状态 30

   12 ExtDef: Specifier error CompSt .

    $default  使用规则 12 以归约 (ExtDef)


状态 31

   29 FunDec: ID LP . VarList RP
   30       | ID LP . RP
   31       | ID LP . error RP

    error   偏移，并进入状态 49
    TYPE    偏移，并进入状态 2
    STRUCT  偏移，并进入状态 3
    RP      偏移，并进入状态 50

    Specifier        转到状态 46
    StructSpecifier  转到状态 8
    VarList          转到状态 51
    ParamDec         转到状态 48


状态 32

    4 ExtDef: Specifier ExtDecList SEMI .

    $default  使用规则 4 以归约 (ExtDef)


状态 33

   26 VarDec: ID .

    $default  使用规则 26 以归约 (VarDec)


状态 34

   16 ExtDecList: VarDec COMMA . ExtDecList

    ID  偏移，并进入状态 33

    ExtDecList  转到状态 52
    VarDec      转到状态 22


状态 35

   27 VarDec: VarDec LB . INT RB
   28       | VarDec LB . error RB

    error  偏移，并进入状态 53
    INT    偏移，并进入状态 54


状态 36

   17 ExtDecList: VarDec ExtDecList .

    $default  使用规则 17 以归约 (ExtDecList)


状态 37

   11 ExtDef: Specifier FunDec error . SEMI
   38 CompSt: error . RC

    SEMI  偏移，并进入状态 55
    RC    偏移，并进入状态 44


状态 38

    7 ExtDef: Specifier FunDec SEMI .

    $default  使用规则 7 以归约 (ExtDef)


状态 39

    6 ExtDef: Specifier FunDec CompSt .

    $default  使用规则 6 以归约 (ExtDef)


状态 40

   22 StructSpecifier: STRUCT OptTag LC error . RC

    RC  偏移，并进入状态 56


状态 41

   61 Def: Specifier . DecList SEMI
   62    | Specifier . error SEMI
   63    | Specifier . DecList error

    error  偏移，并进入状态 57
    ID     偏移，并进入状态 33

    VarDec   转到状态 58
    DecList  转到状态 59
    Dec      转到状态 60


状态 42

   20 StructSpecifier: STRUCT OptTag LC DefList . RC

    RC  偏移，并进入状态 61


状态 43

   59 DefList: Def . DefList

    TYPE    偏移，并进入状态 2
    STRUCT  偏移，并进入状态 3

    $default  使用规则 60 以归约 (DefList)

    Specifier        转到状态 41
    StructSpecifier  转到状态 8
    DefList          转到状态 62
    Def              转到状态 43


状态 44

   38 CompSt: error RC .

    $default  使用规则 38 以归约 (CompSt)


状态 45

   37 CompSt: LC DefList . StmtList RC

    error             偏移，并进入状态 63
    ID                偏移，并进入状态 64
    LC                偏移，并进入状态 28
    INT               偏移，并进入状态 65
    OCTAL             偏移，并进入状态 66
    HEXAL             偏移，并进入状态 67
    illegal_INT       偏移，并进入状态 68
    illegal_OCTAL     偏移，并进入状态 69
    illegal_HEXAL     偏移，并进入状态 70
    FLOAT             偏移，并进入状态 71
    expFLOAT          偏移，并进入状态 72
    illegal_FLOAT     偏移，并进入状态 73
    illegal_expFLOAT  偏移，并进入状态 74
    RETURN            偏移，并进入状态 75
    IF                偏移，并进入状态 76
    WHILE             偏移，并进入状态 77
    MINUS             偏移，并进入状态 78
    NOT               偏移，并进入状态 79
    LP                偏移，并进入状态 80

    RC  使用规则 40 以归约 (StmtList)

    CompSt    转到状态 81
    StmtList  转到状态 82
    Stmt      转到状态 83
    Exp       转到状态 84


状态 46

   36 ParamDec: Specifier . VarDec

    ID  偏移，并进入状态 33

    VarDec  转到状态 85


状态 47

   33 FunDec: error LP VarList . RP $@1

    RP  偏移，并进入状态 86


状态 48

   34 VarList: ParamDec . COMMA VarList
   35        | ParamDec .

    COMMA  偏移，并进入状态 87

    $default  使用规则 35 以归约 (VarList)


状态 49

   31 FunDec: ID LP error . RP

    RP  偏移，并进入状态 88


状态 50

   30 FunDec: ID LP RP .

    $default  使用规则 30 以归约 (FunDec)


状态 51

   29 FunDec: ID LP VarList . RP

    RP  偏移，并进入状态 89


状态 52

   16 ExtDecList: VarDec COMMA ExtDecList .

    $default  使用规则 16 以归约 (ExtDecList)


状态 53

   28 VarDec: VarDec LB error . RB

    RB  偏移，并进入状态 90


状态 54

   27 VarDec: VarDec LB INT . RB

    RB  偏移，并进入状态 91


状态 55

   11 ExtDef: Specifier FunDec error SEMI .

    $default  使用规则 11 以归约 (ExtDef)


状态 56

   22 StructSpecifier: STRUCT OptTag LC error RC .

    $default  使用规则 22 以归约 (StructSpecifier)


状态 57

   62 Def: Specifier error . SEMI
   66 DecList: error . COMMA DecList
   69 Dec: error . ASSIGNOP Exp

    SEMI      偏移，并进入状态 92
    COMMA     偏移，并进入状态 93
    ASSIGNOP  偏移，并进入状态 94


状态 58

   27 VarDec: VarDec . LB INT RB
   28       | VarDec . LB error RB
   67 Dec: VarDec .
   68    | VarDec . ASSIGNOP Exp

    ASSIGNOP  偏移，并进入状态 95
    LB        偏移，并进入状态 35

    $default  使用规则 67 以归约 (Dec)


状态 59

   61 Def: Specifier DecList . SEMI
   63    | Specifier DecList . error

    error  偏移，并进入状态 96
    SEMI   偏移，并进入状态 97


状态 60

   64 DecList: Dec .
   65        | Dec . COMMA DecList

    COMMA  偏移，并进入状态 98

    $default  使用规则 64 以归约 (DecList)


状态 61

   20 StructSpecifier: STRUCT OptTag LC DefList RC .

    $default  使用规则 20 以归约 (StructSpecifier)


状态 62

   59 DefList: Def DefList .

    $default  使用规则 59 以归约 (DefList)


状态 63

   38 CompSt: error . RC
   48 Stmt: error . SEMI

    SEMI  偏移，并进入状态 99
    RC    偏移，并进入状态 44


状态 64

   81 Exp: ID . LP Args RP
   82    | ID . LP RP
   85    | ID .
  107    | ID . LP error RP
  108    | ID . LP error SEMI

    LP  偏移，并进入状态 100

    $default  使用规则 85 以归约 (Exp)


状态 65

   86 Exp: INT .

    $default  使用规则 86 以归约 (Exp)


状态 66

   88 Exp: OCTAL .

    $default  使用规则 88 以归约 (Exp)


状态 67

   89 Exp: HEXAL .

    $default  使用规则 89 以归约 (Exp)


状态 68

   93 Exp: illegal_INT .

    $default  使用规则 93 以归约 (Exp)


状态 69

   91 Exp: illegal_OCTAL .

    $default  使用规则 91 以归约 (Exp)


状态 70

   92 Exp: illegal_HEXAL .

    $default  使用规则 92 以归约 (Exp)


状态 71

   87 Exp: FLOAT .

    $default  使用规则 87 以归约 (Exp)


状态 72

   90 Exp: expFLOAT .

    $default  使用规则 90 以归约 (Exp)


状态 73

   94 Exp: illegal_FLOAT .

    $default  使用规则 94 以归约 (Exp)


状态 74

   95 Exp: illegal_expFLOAT .

    $default  使用规则 95 以归约 (Exp)


状态 75

   43 Stmt: RETURN . Exp SEMI
   50     | RETURN . error SEMI
   51     | RETURN . Exp error

    error             偏移，并进入状态 101
    ID                偏移，并进入状态 64
    INT               偏移，并进入状态 65
    OCTAL             偏移，并进入状态 66
    HEXAL             偏移，并进入状态 67
    illegal_INT       偏移，并进入状态 68
    illegal_OCTAL     偏移，并进入状态 69
    illegal_HEXAL     偏移，并进入状态 70
    FLOAT             偏移，并进入状态 71
    expFLOAT          偏移，并进入状态 72
    illegal_FLOAT     偏移，并进入状态 73
    illegal_expFLOAT  偏移，并进入状态 74
    MINUS             偏移，并进入状态 78
    NOT               偏移，并进入状态 79
    LP                偏移，并进入状态 80

    Exp  转到状态 102


状态 76

   44 Stmt: IF . LP Exp RP Stmt
   45     | IF . LP Exp RP Stmt ELSE Stmt
   52     | IF . LP error RP Stmt
   53     | IF . LP error RP Stmt ELSE Stmt
   54     | IF . error Stmt
   55     | IF . error ELSE Stmt

    error  偏移，并进入状态 103
    LP     偏移，并进入状态 104


状态 77

   46 Stmt: WHILE . LP Exp RP Stmt
   56     | WHILE . LP error RP Stmt
   57     | WHILE . error RP Stmt
   58     | WHILE . error RC

    error  偏移，并进入状态 105
    LP     偏移，并进入状态 106


状态 78

   79 Exp: MINUS . Exp
  105    | MINUS . error

    error             偏移，并进入状态 107
    ID                偏移，并进入状态 64
    INT               偏移，并进入状态 65
    OCTAL             偏移，并进入状态 66
    HEXAL             偏移，并进入状态 67
    illegal_INT       偏移，并进入状态 68
    illegal_OCTAL     偏移，并进入状态 69
    illegal_HEXAL     偏移，并进入状态 70
    FLOAT             偏移，并进入状态 71
    expFLOAT          偏移，并进入状态 72
    illegal_FLOAT     偏移，并进入状态 73
    illegal_expFLOAT  偏移，并进入状态 74
    MINUS             偏移，并进入状态 78
    NOT               偏移，并进入状态 79
    LP                偏移，并进入状态 80

    Exp  转到状态 108


状态 79

   80 Exp: NOT . Exp
  106    | NOT . error

    error             偏移，并进入状态 109
    ID                偏移，并进入状态 64
    INT               偏移，并进入状态 65
    OCTAL             偏移，并进入状态 66
    HEXAL             偏移，并进入状态 67
    illegal_INT       偏移，并进入状态 68
    illegal_OCTAL     偏移，并进入状态 69
    illegal_HEXAL     偏移，并进入状态 70
    FLOAT             偏移，并进入状态 71
    expFLOAT          偏移，并进入状态 72
    illegal_FLOAT     偏移，并进入状态 73
    illegal_expFLOAT  偏移，并进入状态 74
    MINUS             偏移，并进入状态 78
    NOT               偏移，并进入状态 79
    LP                偏移，并进入状态 80

    Exp  转到状态 110


状态 80

   78 Exp: LP . Exp RP
  104    | LP . error RP

    error             偏移，并进入状态 111
    ID                偏移，并进入状态 64
    INT               偏移，并进入状态 65
    OCTAL             偏移，并进入状态 66
    HEXAL             偏移，并进入状态 67
    illegal_INT       偏移，并进入状态 68
    illegal_OCTAL     偏移，并进入状态 69
    illegal_HEXAL     偏移，并进入状态 70
    FLOAT             偏移，并进入状态 71
    expFLOAT          偏移，并进入状态 72
    illegal_FLOAT     偏移，并进入状态 73
    illegal_expFLOAT  偏移，并进入状态 74
    MINUS             偏移，并进入状态 78
    NOT               偏移，并进入状态 79
    LP                偏移，并进入状态 80

    Exp  转到状态 112


状态 81

   42 Stmt: CompSt .

    $default  使用规则 42 以归约 (Stmt)


状态 82

   37 CompSt: LC DefList StmtList . RC

    RC  偏移，并进入状态 113


状态 83

   39 StmtList: Stmt . StmtList

    error             偏移，并进入状态 63
    ID                偏移，并进入状态 64
    LC                偏移，并进入状态 28
    INT               偏移，并进入状态 65
    OCTAL             偏移，并进入状态 66
    HEXAL             偏移，并进入状态 67
    illegal_INT       偏移，并进入状态 68
    illegal_OCTAL     偏移，并进入状态 69
    illegal_HEXAL     偏移，并进入状态 70
    FLOAT             偏移，并进入状态 71
    expFLOAT          偏移，并进入状态 72
    illegal_FLOAT     偏移，并进入状态 73
    illegal_expFLOAT  偏移，并进入状态 74
    RETURN            偏移，并进入状态 75
    IF                偏移，并进入状态 76
    WHILE             偏移，并进入状态 77
    MINUS             偏移，并进入状态 78
    NOT               偏移，并进入状态 79
    LP                偏移，并进入状态 80

    RC  使用规则 40 以归约 (StmtList)

    CompSt    转到状态 81
    StmtList  转到状态 114
    Stmt      转到状态 83
    Exp       转到状态 84


状态 84

   41 Stmt: Exp . SEMI
   47     | Exp . error
   49     | Exp . error SEMI
   70 Exp: Exp . ASSIGNOP Exp
   71    | Exp . AND Exp
   72    | Exp . OR Exp
   73    | Exp . RELOP Exp
   74    | Exp . PLUS Exp
   75    | Exp . MINUS Exp
   76    | Exp . STAR Exp
   77    | Exp . DIV Exp
   83    | Exp . LB Exp RB
   84    | Exp . DOT ID
   96    | Exp . ASSIGNOP error
   97    | Exp . AND error
   98    | Exp . OR error
   99    | Exp . RELOP error
  100    | Exp . PLUS error
  101    | Exp . MINUS error
  102    | Exp . STAR error
  103    | Exp . DIV error
  109    | Exp . LB error RB
  110    | Exp . LB error SEMI

    error     偏移，并进入状态 115
    SEMI      偏移，并进入状态 116
    ASSIGNOP  偏移，并进入状态 117
    OR        偏移，并进入状态 118
    AND       偏移，并进入状态 119
    RELOP     偏移，并进入状态 120
    PLUS      偏移，并进入状态 121
    MINUS     偏移，并进入状态 122
    STAR      偏移，并进入状态 123
    DIV       偏移，并进入状态 124
    DOT       偏移，并进入状态 125
    LB        偏移，并进入状态 126


状态 85

   27 VarDec: VarDec . LB INT RB
   28       | VarDec . LB error RB
   36 ParamDec: Specifier VarDec .

    LB  偏移，并进入状态 35

    $default  使用规则 36 以归约 (ParamDec)


状态 86

   33 FunDec: error LP VarList RP . $@1

    $default  使用规则 32 以归约 ($@1)

    $@1  转到状态 127


状态 87

   34 VarList: ParamDec COMMA . VarList

    TYPE    偏移，并进入状态 2
    STRUCT  偏移，并进入状态 3

    Specifier        转到状态 46
    StructSpecifier  转到状态 8
    VarList          转到状态 128
    ParamDec         转到状态 48


状态 88

   31 FunDec: ID LP error RP .

    $default  使用规则 31 以归约 (FunDec)


状态 89

   29 FunDec: ID LP VarList RP .

    $default  使用规则 29 以归约 (FunDec)


状态 90

   28 VarDec: VarDec LB error RB .

    $default  使用规则 28 以归约 (VarDec)


状态 91

   27 VarDec: VarDec LB INT RB .

    $default  使用规则 27 以归约 (VarDec)


状态 92

   62 Def: Specifier error SEMI .

    $default  使用规则 62 以归约 (Def)


状态 93

   66 DecList: error COMMA . DecList

    error  偏移，并进入状态 129
    ID     偏移，并进入状态 33

    VarDec   转到状态 58
    DecList  转到状态 130
    Dec      转到状态 60


状态 94

   69 Dec: error ASSIGNOP . Exp

    ID                偏移，并进入状态 64
    INT               偏移，并进入状态 65
    OCTAL             偏移，并进入状态 66
    HEXAL             偏移，并进入状态 67
    illegal_INT       偏移，并进入状态 68
    illegal_OCTAL     偏移，并进入状态 69
    illegal_HEXAL     偏移，并进入状态 70
    FLOAT             偏移，并进入状态 71
    expFLOAT          偏移，并进入状态 72
    illegal_FLOAT     偏移，并进入状态 73
    illegal_expFLOAT  偏移，并进入状态 74
    MINUS             偏移，并进入状态 78
    NOT               偏移，并进入状态 79
    LP                偏移，并进入状态 80

    Exp  转到状态 131


状态 95

   68 Dec: VarDec ASSIGNOP . Exp

    ID                偏移，并进入状态 64
    INT               偏移，并进入状态 65
    OCTAL             偏移，并进入状态 66
    HEXAL             偏移，并进入状态 67
    illegal_INT       偏移，并进入状态 68
    illegal_OCTAL     偏移，并进入状态 69
    illegal_HEXAL     偏移，并进入状态 70
    FLOAT             偏移，并进入状态 71
    expFLOAT          偏移，并进入状态 72
    illegal_FLOAT     偏移，并进入状态 73
    illegal_expFLOAT  偏移，并进入状态 74
    MINUS             偏移，并进入状态 78
    NOT               偏移，并进入状态 79
    LP                偏移，并进入状态 80

    Exp  转到状态 132


状态 96

   63 Def: Specifier DecList error .

    $default  使用规则 63 以归约 (Def)


状态 97

   61 Def: Specifier DecList SEMI .

    $default  使用规则 61 以归约 (Def)


状态 98

   65 DecList: Dec COMMA . DecList

    error  偏移，并进入状态 129
    ID     偏移，并进入状态 33

    VarDec   转到状态 58
    DecList  转到状态 133
    Dec      转到状态 60


状态 99

   48 Stmt: error SEMI .

    $default  使用规则 48 以归约 (Stmt)


状态 100

   81 Exp: ID LP . Args RP
   82    | ID LP . RP
  107    | ID LP . error RP
  108    | ID LP . error SEMI

    error             偏移，并进入状态 134
    ID                偏移，并进入状态 64
    INT               偏移，并进入状态 65
    OCTAL             偏移，并进入状态 66
    HEXAL             偏移，并进入状态 67
    illegal_INT       偏移，并进入状态 68
    illegal_OCTAL     偏移，并进入状态 69
    illegal_HEXAL     偏移，并进入状态 70
    FLOAT             偏移，并进入状态 71
    expFLOAT          偏移，并进入状态 72
    illegal_FLOAT     偏移，并进入状态 73
    illegal_expFLOAT  偏移，并进入状态 74
    MINUS             偏移，并进入状态 78
    NOT               偏移，并进入状态 79
    LP                偏移，并进入状态 80
    RP                偏移，并进入状态 135

    Exp   转到状态 136
    Args  转到状态 137


状态 101

   50 Stmt: RETURN error . SEMI

    SEMI  偏移，并进入状态 138


状态 102

   43 Stmt: RETURN Exp . SEMI
   51     | RETURN Exp . error
   70 Exp: Exp . ASSIGNOP Exp
   71    | Exp . AND Exp
   72    | Exp . OR Exp
   73    | Exp . RELOP Exp
   74    | Exp . PLUS Exp
   75    | Exp . MINUS Exp
   76    | Exp . STAR Exp
   77    | Exp . DIV Exp
   83    | Exp . LB Exp RB
   84    | Exp . DOT ID
   96    | Exp . ASSIGNOP error
   97    | Exp . AND error
   98    | Exp . OR error
   99    | Exp . RELOP error
  100    | Exp . PLUS error
  101    | Exp . MINUS error
  102    | Exp . STAR error
  103    | Exp . DIV error
  109    | Exp . LB error RB
  110    | Exp . LB error SEMI

    error     偏移，并进入状态 139
    SEMI      偏移，并进入状态 140
    ASSIGNOP  偏移，并进入状态 117
    OR        偏移，并进入状态 118
    AND       偏移，并进入状态 119
    RELOP     偏移，并进入状态 120
    PLUS      偏移，并进入状态 121
    MINUS     偏移，并进入状态 122
    STAR      偏移，并进入状态 123
    DIV       偏移，并进入状态 124
    DOT       偏移，并进入状态 125
    LB        偏移，并进入状态 126


状态 103

   54 Stmt: IF error . Stmt
   55     | IF error . ELSE Stmt

    error             偏移，并进入状态 63
    ID                偏移，并进入状态 64
    LC                偏移，并进入状态 28
    INT               偏移，并进入状态 65
    OCTAL             偏移，并进入状态 66
    HEXAL             偏移，并进入状态 67
    illegal_INT       偏移，并进入状态 68
    illegal_OCTAL     偏移，并进入状态 69
    illegal_HEXAL     偏移，并进入状态 70
    FLOAT             偏移，并进入状态 71
    expFLOAT          偏移，并进入状态 72
    illegal_FLOAT     偏移，并进入状态 73
    illegal_expFLOAT  偏移，并进入状态 74
    RETURN            偏移，并进入状态 75
    IF                偏移，并进入状态 76
    ELSE              偏移，并进入状态 141
    WHILE             偏移，并进入状态 77
    MINUS             偏移，并进入状态 78
    NOT               偏移，并进入状态 79
    LP                偏移，并进入状态 80

    CompSt  转到状态 81
    Stmt    转到状态 142
    Exp     转到状态 84


状态 104

   44 Stmt: IF LP . Exp RP Stmt
   45     | IF LP . Exp RP Stmt ELSE Stmt
   52     | IF LP . error RP Stmt
   53     | IF LP . error RP Stmt ELSE Stmt

    error             偏移，并进入状态 143
    ID                偏移，并进入状态 64
    INT               偏移，并进入状态 65
    OCTAL             偏移，并进入状态 66
    HEXAL             偏移，并进入状态 67
    illegal_INT       偏移，并进入状态 68
    illegal_OCTAL     偏移，并进入状态 69
    illegal_HEXAL     偏移，并进入状态 70
    FLOAT             偏移，并进入状态 71
    expFLOAT          偏移，并进入状态 72
    illegal_FLOAT     偏移，并进入状态 73
    illegal_expFLOAT  偏移，并进入状态 74
    MINUS             偏移，并进入状态 78
    NOT               偏移，并进入状态 79
    LP                偏移，并进入状态 80

    Exp  转到状态 144


状态 105

   57 Stmt: WHILE error . RP Stmt
   58     | WHILE error . RC

    RC  偏移，并进入状态 145
    RP  偏移，并进入状态 146


状态 106

   46 Stmt: WHILE LP . Exp RP Stmt
   56     | WHILE LP . error RP Stmt

    error             偏移，并进入状态 147
    ID                偏移，并进入状态 64
    INT               偏移，并进入状态 65
    OCTAL             偏移，并进入状态 66
    HEXAL             偏移，并进入状态 67
    illegal_INT       偏移，并进入状态 68
    illegal_OCTAL     偏移，并进入状态 69
    illegal_HEXAL     偏移，并进入状态 70
    FLOAT             偏移，并进入状态 71
    expFLOAT          偏移，并进入状态 72
    illegal_FLOAT     偏移，并进入状态 73
    illegal_expFLOAT  偏移，并进入状态 74
    MINUS             偏移，并进入状态 78
    NOT               偏移，并进入状态 79
    LP                偏移，并进入状态 80

    Exp  转到状态 148


状态 107

  105 Exp: MINUS error .

    $default  使用规则 105 以归约 (Exp)


状态 108

   70 Exp: Exp . ASSIGNOP Exp
   71    | Exp . AND Exp
   72    | Exp . OR Exp
   73    | Exp . RELOP Exp
   74    | Exp . PLUS Exp
   75    | Exp . MINUS Exp
   76    | Exp . STAR Exp
   77    | Exp . DIV Exp
   79    | MINUS Exp .
   83    | Exp . LB Exp RB
   84    | Exp . DOT ID
   96    | Exp . ASSIGNOP error
   97    | Exp . AND error
   98    | Exp . OR error
   99    | Exp . RELOP error
  100    | Exp . PLUS error
  101    | Exp . MINUS error
  102    | Exp . STAR error
  103    | Exp . DIV error
  109    | Exp . LB error RB
  110    | Exp . LB error SEMI

    DOT  偏移，并进入状态 125
    LB   偏移，并进入状态 126

    $default  使用规则 79 以归约 (Exp)


状态 109

  106 Exp: NOT error .

    $default  使用规则 106 以归约 (Exp)


状态 110

   70 Exp: Exp . ASSIGNOP Exp
   71    | Exp . AND Exp
   72    | Exp . OR Exp
   73    | Exp . RELOP Exp
   74    | Exp . PLUS Exp
   75    | Exp . MINUS Exp
   76    | Exp . STAR Exp
   77    | Exp . DIV Exp
   80    | NOT Exp .
   83    | Exp . LB Exp RB
   84    | Exp . DOT ID
   96    | Exp . ASSIGNOP error
   97    | Exp . AND error
   98    | Exp . OR error
   99    | Exp . RELOP error
  100    | Exp . PLUS error
  101    | Exp . MINUS error
  102    | Exp . STAR error
  103    | Exp . DIV error
  109    | Exp . LB error RB
  110    | Exp . LB error SEMI

    DOT  偏移，并进入状态 125
    LB   偏移，并进入状态 126

    $default  使用规则 80 以归约 (Exp)


状态 111

  104 Exp: LP error . RP

    RP  偏移，并进入状态 149


状态 112

   70 Exp: Exp . ASSIGNOP Exp
   71    | Exp . AND Exp
   72    | Exp . OR Exp
   73    | Exp . RELOP Exp
   74    | Exp . PLUS Exp
   75    | Exp . MINUS Exp
   76    | Exp . STAR Exp
   77    | Exp . DIV Exp
   78    | LP Exp . RP
   83    | Exp . LB Exp RB
   84    | Exp . DOT ID
   96    | Exp . ASSIGNOP error
   97    | Exp . AND error
   98    | Exp . OR error
   99    | Exp . RELOP error
  100    | Exp . PLUS error
  101    | Exp . MINUS error
  102    | Exp . STAR error
  103    | Exp . DIV error
  109    | Exp . LB error RB
  110    | Exp . LB error SEMI

    ASSIGNOP  偏移，并进入状态 117
    OR        偏移，并进入状态 118
    AND       偏移，并进入状态 119
    RELOP     偏移，并进入状态 120
    PLUS      偏移，并进入状态 121
    MINUS     偏移，并进入状态 122
    STAR      偏移，并进入状态 123
    DIV       偏移，并进入状态 124
    DOT       偏移，并进入状态 125
    RP        偏移，并进入状态 150
    LB        偏移，并进入状态 126


状态 113

   37 CompSt: LC DefList StmtList RC .

    $default  使用规则 37 以归约 (CompSt)


状态 114

   39 StmtList: Stmt StmtList .

    $default  使用规则 39 以归约 (StmtList)


状态 115

   47 Stmt: Exp error .
   49     | Exp error . SEMI

    SEMI  偏移，并进入状态 151

    $default  使用规则 47 以归约 (Stmt)


状态 116

   41 Stmt: Exp SEMI .

    $default  使用规则 41 以归约 (Stmt)


状态 117

   70 Exp: Exp ASSIGNOP . Exp
   96    | Exp ASSIGNOP . error

    error             偏移，并进入状态 152
    ID                偏移，并进入状态 64
    INT               偏移，并进入状态 65
    OCTAL             偏移，并进入状态 66
    HEXAL             偏移，并进入状态 67
    illegal_INT       偏移，并进入状态 68
    illegal_OCTAL     偏移，并进入状态 69
    illegal_HEXAL     偏移，并进入状态 70
    FLOAT             偏移，并进入状态 71
    expFLOAT          偏移，并进入状态 72
    illegal_FLOAT     偏移，并进入状态 73
    illegal_expFLOAT  偏移，并进入状态 74
    MINUS             偏移，并进入状态 78
    NOT               偏移，并进入状态 79
    LP                偏移，并进入状态 80

    Exp  转到状态 153


状态 118

   72 Exp: Exp OR . Exp
   98    | Exp OR . error

    error             偏移，并进入状态 154
    ID                偏移，并进入状态 64
    INT               偏移，并进入状态 65
    OCTAL             偏移，并进入状态 66
    HEXAL             偏移，并进入状态 67
    illegal_INT       偏移，并进入状态 68
    illegal_OCTAL     偏移，并进入状态 69
    illegal_HEXAL     偏移，并进入状态 70
    FLOAT             偏移，并进入状态 71
    expFLOAT          偏移，并进入状态 72
    illegal_FLOAT     偏移，并进入状态 73
    illegal_expFLOAT  偏移，并进入状态 74
    MINUS             偏移，并进入状态 78
    NOT               偏移，并进入状态 79
    LP                偏移，并进入状态 80

    Exp  转到状态 155


状态 119

   71 Exp: Exp AND . Exp
   97    | Exp AND . error

    error             偏移，并进入状态 156
    ID                偏移，并进入状态 64
    INT               偏移，并进入状态 65
    OCTAL             偏移，并进入状态 66
    HEXAL             偏移，并进入状态 67
    illegal_INT       偏移，并进入状态 68
    illegal_OCTAL     偏移，并进入状态 69
    illegal_HEXAL     偏移，并进入状态 70
    FLOAT             偏移，并进入状态 71
    expFLOAT          偏移，并进入状态 72
    illegal_FLOAT     偏移，并进入状态 73
    illegal_expFLOAT  偏移，并进入状态 74
    MINUS             偏移，并进入状态 78
    NOT               偏移，并进入状态 79
    LP                偏移，并进入状态 80

    Exp  转到状态 157


状态 120

   73 Exp: Exp RELOP . Exp
   99    | Exp RELOP . error

    error             偏移，并进入状态 158
    ID                偏移，并进入状态 64
    INT               偏移，并进入状态 65
    OCTAL             偏移，并进入状态 66
    HEXAL             偏移，并进入状态 67
    illegal_INT       偏移，并进入状态 68
    illegal_OCTAL     偏移，并进入状态 69
    illegal_HEXAL     偏移，并进入状态 70
    FLOAT             偏移，并进入状态 71
    expFLOAT          偏移，并进入状态 72
    illegal_FLOAT     偏移，并进入状态 73
    illegal_expFLOAT  偏移，并进入状态 74
    MINUS             偏移，并进入状态 78
    NOT               偏移，并进入状态 79
    LP                偏移，并进入状态 80

    Exp  转到状态 159


状态 121

   74 Exp: Exp PLUS . Exp
  100    | Exp PLUS . error

    error             偏移，并进入状态 160
    ID                偏移，并进入状态 64
    INT               偏移，并进入状态 65
    OCTAL             偏移，并进入状态 66
    HEXAL             偏移，并进入状态 67
    illegal_INT       偏移，并进入状态 68
    illegal_OCTAL     偏移，并进入状态 69
    illegal_HEXAL     偏移，并进入状态 70
    FLOAT             偏移，并进入状态 71
    expFLOAT          偏移，并进入状态 72
    illegal_FLOAT     偏移，并进入状态 73
    illegal_expFLOAT  偏移，并进入状态 74
    MINUS             偏移，并进入状态 78
    NOT               偏移，并进入状态 79
    LP                偏移，并进入状态 80

    Exp  转到状态 161


状态 122

   75 Exp: Exp MINUS . Exp
  101    | Exp MINUS . error

    error             偏移，并进入状态 162
    ID                偏移，并进入状态 64
    INT               偏移，并进入状态 65
    OCTAL             偏移，并进入状态 66
    HEXAL             偏移，并进入状态 67
    illegal_INT       偏移，并进入状态 68
    illegal_OCTAL     偏移，并进入状态 69
    illegal_HEXAL     偏移，并进入状态 70
    FLOAT             偏移，并进入状态 71
    expFLOAT          偏移，并进入状态 72
    illegal_FLOAT     偏移，并进入状态 73
    illegal_expFLOAT  偏移，并进入状态 74
    MINUS             偏移，并进入状态 78
    NOT               偏移，并进入状态 79
    LP                偏移，并进入状态 80

    Exp  转到状态 163


状态 123

   76 Exp: Exp STAR . Exp
  102    | Exp STAR . error

    error             偏移，并进入状态 164
    ID                偏移，并进入状态 64
    INT               偏移，并进入状态 65
    OCTAL             偏移，并进入状态 66
    HEXAL             偏移，并进入状态 67
    illegal_INT       偏移，并进入状态 68
    illegal_OCTAL     偏移，并进入状态 69
    illegal_HEXAL     偏移，并进入状态 70
    FLOAT             偏移，并进入状态 71
    expFLOAT          偏移，并进入状态 72
    illegal_FLOAT     偏移，并进入状态 73
    illegal_expFLOAT  偏移，并进入状态 74
    MINUS             偏移，并进入状态 78
    NOT               偏移，并进入状态 79
    LP                偏移，并进入状态 80

    Exp  转到状态 165


状态 124

   77 Exp: Exp DIV . Exp
  103    | Exp DIV . error

    error             偏移，并进入状态 166
    ID                偏移，并进入状态 64
    INT               偏移，并进入状态 65
    OCTAL             偏移，并进入状态 66
    HEXAL             偏移，并进入状态 67
    illegal_INT       偏移，并进入状态 68
    illegal_OCTAL     偏移，并进入状态 69
    illegal_HEXAL     偏移，并进入状态 70
    FLOAT             偏移，并进入状态 71
    expFLOAT          偏移，并进入状态 72
    illegal_FLOAT     偏移，并进入状态 73
    illegal_expFLOAT  偏移，并进入状态 74
    MINUS             偏移，并进入状态 78
    NOT               偏移，并进入状态 79
    LP                偏移，并进入状态 80

    Exp  转到状态 167


状态 125

   84 Exp: Exp DOT . ID

    ID  偏移，并进入状态 168


状态 126

   83 Exp: Exp LB . Exp RB
  109    | Exp LB . error RB
  110    | Exp LB . error SEMI

    error             偏移，并进入状态 169
    ID                偏移，并进入状态 64
    INT               偏移，并进入状态 65
    OCTAL             偏移，并进入状态 66
    HEXAL             偏移，并进入状态 67
    illegal_INT       偏移，并进入状态 68
    illegal_OCTAL     偏移，并进入状态 69
    illegal_HEXAL     偏移，并进入状态 70
    FLOAT             偏移，并进入状态 71
    expFLOAT          偏移，并进入状态 72
    illegal_FLOAT     偏移，并进入状态 73
    illegal_expFLOAT  偏移，并进入状态 74
    MINUS             偏移，并进入状态 78
    NOT               偏移，并进入状态 79
    LP                偏移，并进入状态 80

    Exp  转到状态 170


状态 127

   33 FunDec: error LP VarList RP $@1 .

    $default  使用规则 33 以归约 (FunDec)


状态 128

   34 VarList: ParamDec COMMA VarList .

    $default  使用规则 34 以归约 (VarList)


状态 129

   66 DecList: error . COMMA DecList
   69 Dec: error . ASSIGNOP Exp

    COMMA     偏移，并进入状态 93
    ASSIGNOP  偏移，并进入状态 94


状态 130

   66 DecList: error COMMA DecList .

    $default  使用规则 66 以归约 (DecList)


状态 131

   69 Dec: error ASSIGNOP Exp .
   70 Exp: Exp . ASSIGNOP Exp
   71    | Exp . AND Exp
   72    | Exp . OR Exp
   73    | Exp . RELOP Exp
   74    | Exp . PLUS Exp
   75    | Exp . MINUS Exp
   76    | Exp . STAR Exp
   77    | Exp . DIV Exp
   83    | Exp . LB Exp RB
   84    | Exp . DOT ID
   96    | Exp . ASSIGNOP error
   97    | Exp . AND error
   98    | Exp . OR error
   99    | Exp . RELOP error
  100    | Exp . PLUS error
  101    | Exp . MINUS error
  102    | Exp . STAR error
  103    | Exp . DIV error
  109    | Exp . LB error RB
  110    | Exp . LB error SEMI

    ASSIGNOP  偏移，并进入状态 117
    OR        偏移，并进入状态 118
    AND       偏移，并进入状态 119
    RELOP     偏移，并进入状态 120
    PLUS      偏移，并进入状态 121
    MINUS     偏移，并进入状态 122
    STAR      偏移，并进入状态 123
    DIV       偏移，并进入状态 124
    DOT       偏移，并进入状态 125
    LB        偏移，并进入状态 126

    $default  使用规则 69 以归约 (Dec)


状态 132

   68 Dec: VarDec ASSIGNOP Exp .
   70 Exp: Exp . ASSIGNOP Exp
   71    | Exp . AND Exp
   72    | Exp . OR Exp
   73    | Exp . RELOP Exp
   74    | Exp . PLUS Exp
   75    | Exp . MINUS Exp
   76    | Exp . STAR Exp
   77    | Exp . DIV Exp
   83    | Exp . LB Exp RB
   84    | Exp . DOT ID
   96    | Exp . ASSIGNOP error
   97    | Exp . AND error
   98    | Exp . OR error
   99    | Exp . RELOP error
  100    | Exp . PLUS error
  101    | Exp . MINUS error
  102    | Exp . STAR error
  103    | Exp . DIV error
  109    | Exp . LB error RB
  110    | Exp . LB error SEMI

    ASSIGNOP  偏移，并进入状态 117
    OR        偏移，并进入状态 118
    AND       偏移，并进入状态 119
    RELOP     偏移，并进入状态 120
    PLUS      偏移，并进入状态 121
    MINUS     偏移，并进入状态 122
    STAR      偏移，并进入状态 123
    DIV       偏移，并进入状态 124
    DOT       偏移，并进入状态 125
    LB        偏移，并进入状态 126

    $default  使用规则 68 以归约 (Dec)


状态 133

   65 DecList: Dec COMMA DecList .

    $default  使用规则 65 以归约 (DecList)


状态 134

  107 Exp: ID LP error . RP
  108    | ID LP error . SEMI

    SEMI  偏移，并进入状态 171
    RP    偏移，并进入状态 172


状态 135

   82 Exp: ID LP RP .

    $default  使用规则 82 以归约 (Exp)


状态 136

   70 Exp: Exp . ASSIGNOP Exp
   71    | Exp . AND Exp
   72    | Exp . OR Exp
   73    | Exp . RELOP Exp
   74    | Exp . PLUS Exp
   75    | Exp . MINUS Exp
   76    | Exp . STAR Exp
   77    | Exp . DIV Exp
   83    | Exp . LB Exp RB
   84    | Exp . DOT ID
   96    | Exp . ASSIGNOP error
   97    | Exp . AND error
   98    | Exp . OR error
   99    | Exp . RELOP error
  100    | Exp . PLUS error
  101    | Exp . MINUS error
  102    | Exp . STAR error
  103    | Exp . DIV error
  109    | Exp . LB error RB
  110    | Exp . LB error SEMI
  111 Args: Exp . COMMA Args
  112     | Exp .

    COMMA     偏移，并进入状态 173
    ASSIGNOP  偏移，并进入状态 117
    OR        偏移，并进入状态 118
    AND       偏移，并进入状态 119
    RELOP     偏移，并进入状态 120
    PLUS      偏移，并进入状态 121
    MINUS     偏移，并进入状态 122
    STAR      偏移，并进入状态 123
    DIV       偏移，并进入状态 124
    DOT       偏移，并进入状态 125
    LB        偏移，并进入状态 126

    $default  使用规则 112 以归约 (Args)


状态 137

   81 Exp: ID LP Args . RP

    RP  偏移，并进入状态 174


状态 138

   50 Stmt: RETURN error SEMI .

    $default  使用规则 50 以归约 (Stmt)


状态 139

   51 Stmt: RETURN Exp error .

    $default  使用规则 51 以归约 (Stmt)


状态 140

   43 Stmt: RETURN Exp SEMI .

    $default  使用规则 43 以归约 (Stmt)


状态 141

   55 Stmt: IF error ELSE . Stmt

    error             偏移，并进入状态 63
    ID                偏移，并进入状态 64
    LC                偏移，并进入状态 28
    INT               偏移，并进入状态 65
    OCTAL             偏移，并进入状态 66
    HEXAL             偏移，并进入状态 67
    illegal_INT       偏移，并进入状态 68
    illegal_OCTAL     偏移，并进入状态 69
    illegal_HEXAL     偏移，并进入状态 70
    FLOAT             偏移，并进入状态 71
    expFLOAT          偏移，并进入状态 72
    illegal_FLOAT     偏移，并进入状态 73
    illegal_expFLOAT  偏移，并进入状态 74
    RETURN            偏移，并进入状态 75
    IF                偏移，并进入状态 76
    WHILE             偏移，并进入状态 77
    MINUS             偏移，并进入状态 78
    NOT               偏移，并进入状态 79
    LP                偏移，并进入状态 80

    CompSt  转到状态 81
    Stmt    转到状态 175
    Exp     转到状态 84


状态 142

   54 Stmt: IF error Stmt .

    $default  使用规则 54 以归约 (Stmt)


状态 143

   52 Stmt: IF LP error . RP Stmt
   53     | IF LP error . RP Stmt ELSE Stmt

    RP  偏移，并进入状态 176


状态 144

   44 Stmt: IF LP Exp . RP Stmt
   45     | IF LP Exp . RP Stmt ELSE Stmt
   70 Exp: Exp . ASSIGNOP Exp
   71    | Exp . AND Exp
   72    | Exp . OR Exp
   73    | Exp . RELOP Exp
   74    | Exp . PLUS Exp
   75    | Exp . MINUS Exp
   76    | Exp . STAR Exp
   77    | Exp . DIV Exp
   83    | Exp . LB Exp RB
   84    | Exp . DOT ID
   96    | Exp . ASSIGNOP error
   97    | Exp . AND error
   98    | Exp . OR error
   99    | Exp . RELOP error
  100    | Exp . PLUS error
  101    | Exp . MINUS error
  102    | Exp . STAR error
  103    | Exp . DIV error
  109    | Exp . LB error RB
  110    | Exp . LB error SEMI

    ASSIGNOP  偏移，并进入状态 117
    OR        偏移，并进入状态 118
    AND       偏移，并进入状态 119
    RELOP     偏移，并进入状态 120
    PLUS      偏移，并进入状态 121
    MINUS     偏移，并进入状态 122
    STAR      偏移，并进入状态 123
    DIV       偏移，并进入状态 124
    DOT       偏移，并进入状态 125
    RP        偏移，并进入状态 177
    LB        偏移，并进入状态 126


状态 145

   58 Stmt: WHILE error RC .

    $default  使用规则 58 以归约 (Stmt)


状态 146

   57 Stmt: WHILE error RP . Stmt

    error             偏移，并进入状态 63
    ID                偏移，并进入状态 64
    LC                偏移，并进入状态 28
    INT               偏移，并进入状态 65
    OCTAL             偏移，并进入状态 66
    HEXAL             偏移，并进入状态 67
    illegal_INT       偏移，并进入状态 68
    illegal_OCTAL     偏移，并进入状态 69
    illegal_HEXAL     偏移，并进入状态 70
    FLOAT             偏移，并进入状态 71
    expFLOAT          偏移，并进入状态 72
    illegal_FLOAT     偏移，并进入状态 73
    illegal_expFLOAT  偏移，并进入状态 74
    RETURN            偏移，并进入状态 75
    IF                偏移，并进入状态 76
    WHILE             偏移，并进入状态 77
    MINUS             偏移，并进入状态 78
    NOT               偏移，并进入状态 79
    LP                偏移，并进入状态 80

    CompSt  转到状态 81
    Stmt    转到状态 178
    Exp     转到状态 84


状态 147

   56 Stmt: WHILE LP error . RP Stmt

    RP  偏移，并进入状态 179


状态 148

   46 Stmt: WHILE LP Exp . RP Stmt
   70 Exp: Exp . ASSIGNOP Exp
   71    | Exp . AND Exp
   72    | Exp . OR Exp
   73    | Exp . RELOP Exp
   74    | Exp . PLUS Exp
   75    | Exp . MINUS Exp
   76    | Exp . STAR Exp
   77    | Exp . DIV Exp
   83    | Exp . LB Exp RB
   84    | Exp . DOT ID
   96    | Exp . ASSIGNOP error
   97    | Exp . AND error
   98    | Exp . OR error
   99    | Exp . RELOP error
  100    | Exp . PLUS error
  101    | Exp . MINUS error
  102    | Exp . STAR error
  103    | Exp . DIV error
  109    | Exp . LB error RB
  110    | Exp . LB error SEMI

    ASSIGNOP  偏移，并进入状态 117
    OR        偏移，并进入状态 118
    AND       偏移，并进入状态 119
    RELOP     偏移，并进入状态 120
    PLUS      偏移，并进入状态 121
    MINUS     偏移，并进入状态 122
    STAR      偏移，并进入状态 123
    DIV       偏移，并进入状态 124
    DOT       偏移，并进入状态 125
    RP        偏移，并进入状态 180
    LB        偏移，并进入状态 126


状态 149

  104 Exp: LP error RP .

    $default  使用规则 104 以归约 (Exp)


状态 150

   78 Exp: LP Exp RP .

    $default  使用规则 78 以归约 (Exp)


状态 151

   49 Stmt: Exp error SEMI .

    $default  使用规则 49 以归约 (Stmt)


状态 152

   96 Exp: Exp ASSIGNOP error .

    $default  使用规则 96 以归约 (Exp)


状态 153

   70 Exp: Exp . ASSIGNOP Exp
   70    | Exp ASSIGNOP Exp .
   71    | Exp . AND Exp
   72    | Exp . OR Exp
   73    | Exp . RELOP Exp
   74    | Exp . PLUS Exp
   75    | Exp . MINUS Exp
   76    | Exp . STAR Exp
   77    | Exp . DIV Exp
   83    | Exp . LB Exp RB
   84    | Exp . DOT ID
   96    | Exp . ASSIGNOP error
   97    | Exp . AND error
   98    | Exp . OR error
   99    | Exp . RELOP error
  100    | Exp . PLUS error
  101    | Exp . MINUS error
  102    | Exp . STAR error
  103    | Exp . DIV error
  109    | Exp . LB error RB
  110    | Exp . LB error SEMI

    ASSIGNOP  偏移，并进入状态 117
    OR        偏移，并进入状态 118
    AND       偏移，并进入状态 119
    RELOP     偏移，并进入状态 120
    PLUS      偏移，并进入状态 121
    MINUS     偏移，并进入状态 122
    STAR      偏移，并进入状态 123
    DIV       偏移，并进入状态 124
    DOT       偏移，并进入状态 125
    LB        偏移，并进入状态 126

    $default  使用规则 70 以归约 (Exp)


状态 154

   98 Exp: Exp OR error .

    $default  使用规则 98 以归约 (Exp)


状态 155

   70 Exp: Exp . ASSIGNOP Exp
   71    | Exp . AND Exp
   72    | Exp . OR Exp
   72    | Exp OR Exp .
   73    | Exp . RELOP Exp
   74    | Exp . PLUS Exp
   75    | Exp . MINUS Exp
   76    | Exp . STAR Exp
   77    | Exp . DIV Exp
   83    | Exp . LB Exp RB
   84    | Exp . DOT ID
   96    | Exp . ASSIGNOP error
   97    | Exp . AND error
   98    | Exp . OR error
   99    | Exp . RELOP error
  100    | Exp . PLUS error
  101    | Exp . MINUS error
  102    | Exp . STAR error
  103    | Exp . DIV error
  109    | Exp . LB error RB
  110    | Exp . LB error SEMI

    AND    偏移，并进入状态 119
    RELOP  偏移，并进入状态 120
    PLUS   偏移，并进入状态 121
    MINUS  偏移，并进入状态 122
    STAR   偏移，并进入状态 123
    DIV    偏移，并进入状态 124
    DOT    偏移，并进入状态 125
    LB     偏移，并进入状态 126

    $default  使用规则 72 以归约 (Exp)


状态 156

   97 Exp: Exp AND error .

    $default  使用规则 97 以归约 (Exp)


状态 157

   70 Exp: Exp . ASSIGNOP Exp
   71    | Exp . AND Exp
   71    | Exp AND Exp .
   72    | Exp . OR Exp
   73    | Exp . RELOP Exp
   74    | Exp . PLUS Exp
   75    | Exp . MINUS Exp
   76    | Exp . STAR Exp
   77    | Exp . DIV Exp
   83    | Exp . LB Exp RB
   84    | Exp . DOT ID
   96    | Exp . ASSIGNOP error
   97    | Exp . AND error
   98    | Exp . OR error
   99    | Exp . RELOP error
  100    | Exp . PLUS error
  101    | Exp . MINUS error
  102    | Exp . STAR error
  103    | Exp . DIV error
  109    | Exp . LB error RB
  110    | Exp . LB error SEMI

    RELOP  偏移，并进入状态 120
    PLUS   偏移，并进入状态 121
    MINUS  偏移，并进入状态 122
    STAR   偏移，并进入状态 123
    DIV    偏移，并进入状态 124
    DOT    偏移，并进入状态 125
    LB     偏移，并进入状态 126

    $default  使用规则 71 以归约 (Exp)


状态 158

   99 Exp: Exp RELOP error .

    $default  使用规则 99 以归约 (Exp)


状态 159

   70 Exp: Exp . ASSIGNOP Exp
   71    | Exp . AND Exp
   72    | Exp . OR Exp
   73    | Exp . RELOP Exp
   73    | Exp RELOP Exp .
   74    | Exp . PLUS Exp
   75    | Exp . MINUS Exp
   76    | Exp . STAR Exp
   77    | Exp . DIV Exp
   83    | Exp . LB Exp RB
   84    | Exp . DOT ID
   96    | Exp . ASSIGNOP error
   97    | Exp . AND error
   98    | Exp . OR error
   99    | Exp . RELOP error
  100    | Exp . PLUS error
  101    | Exp . MINUS error
  102    | Exp . STAR error
  103    | Exp . DIV error
  109    | Exp . LB error RB
  110    | Exp . LB error SEMI

    PLUS   偏移，并进入状态 121
    MINUS  偏移，并进入状态 122
    STAR   偏移，并进入状态 123
    DIV    偏移，并进入状态 124
    DOT    偏移，并进入状态 125
    LB     偏移，并进入状态 126

    $default  使用规则 73 以归约 (Exp)


状态 160

  100 Exp: Exp PLUS error .

    $default  使用规则 100 以归约 (Exp)


状态 161

   70 Exp: Exp . ASSIGNOP Exp
   71    | Exp . AND Exp
   72    | Exp . OR Exp
   73    | Exp . RELOP Exp
   74    | Exp . PLUS Exp
   74    | Exp PLUS Exp .
   75    | Exp . MINUS Exp
   76    | Exp . STAR Exp
   77    | Exp . DIV Exp
   83    | Exp . LB Exp RB
   84    | Exp . DOT ID
   96    | Exp . ASSIGNOP error
   97    | Exp . AND error
   98    | Exp . OR error
   99    | Exp . RELOP error
  100    | Exp . PLUS error
  101    | Exp . MINUS error
  102    | Exp . STAR error
  103    | Exp . DIV error
  109    | Exp . LB error RB
  110    | Exp . LB error SEMI

    STAR  偏移，并进入状态 123
    DIV   偏移，并进入状态 124
    DOT   偏移，并进入状态 125
    LB    偏移，并进入状态 126

    $default  使用规则 74 以归约 (Exp)


状态 162

  101 Exp: Exp MINUS error .

    $default  使用规则 101 以归约 (Exp)


状态 163

   70 Exp: Exp . ASSIGNOP Exp
   71    | Exp . AND Exp
   72    | Exp . OR Exp
   73    | Exp . RELOP Exp
   74    | Exp . PLUS Exp
   75    | Exp . MINUS Exp
   75    | Exp MINUS Exp .
   76    | Exp . STAR Exp
   77    | Exp . DIV Exp
   83    | Exp . LB Exp RB
   84    | Exp . DOT ID
   96    | Exp . ASSIGNOP error
   97    | Exp . AND error
   98    | Exp . OR error
   99    | Exp . RELOP error
  100    | Exp . PLUS error
  101    | Exp . MINUS error
  102    | Exp . STAR error
  103    | Exp . DIV error
  109    | Exp . LB error RB
  110    | Exp . LB error SEMI

    STAR  偏移，并进入状态 123
    DIV   偏移，并进入状态 124
    DOT   偏移，并进入状态 125
    LB    偏移，并进入状态 126

    $default  使用规则 75 以归约 (Exp)


状态 164

  102 Exp: Exp STAR error .

    $default  使用规则 102 以归约 (Exp)


状态 165

   70 Exp: Exp . ASSIGNOP Exp
   71    | Exp . AND Exp
   72    | Exp . OR Exp
   73    | Exp . RELOP Exp
   74    | Exp . PLUS Exp
   75    | Exp . MINUS Exp
   76    | Exp . STAR Exp
   76    | Exp STAR Exp .
   77    | Exp . DIV Exp
   83    | Exp . LB Exp RB
   84    | Exp . DOT ID
   96    | Exp . ASSIGNOP error
   97    | Exp . AND error
   98    | Exp . OR error
   99    | Exp . RELOP error
  100    | Exp . PLUS error
  101    | Exp . MINUS error
  102    | Exp . STAR error
  103    | Exp . DIV error
  109    | Exp . LB error RB
  110    | Exp . LB error SEMI

    DOT  偏移，并进入状态 125
    LB   偏移，并进入状态 126

    $default  使用规则 76 以归约 (Exp)


状态 166

  103 Exp: Exp DIV error .

    $default  使用规则 103 以归约 (Exp)


状态 167

   70 Exp: Exp . ASSIGNOP Exp
   71    | Exp . AND Exp
   72    | Exp . OR Exp
   73    | Exp . RELOP Exp
   74    | Exp . PLUS Exp
   75    | Exp . MINUS Exp
   76    | Exp . STAR Exp
   77    | Exp . DIV Exp
   77    | Exp DIV Exp .
   83    | Exp . LB Exp RB
   84    | Exp . DOT ID
   96    | Exp . ASSIGNOP error
   97    | Exp . AND error
   98    | Exp . OR error
   99    | Exp . RELOP error
  100    | Exp . PLUS error
  101    | Exp . MINUS error
  102    | Exp . STAR error
  103    | Exp . DIV error
  109    | Exp . LB error RB
  110    | Exp . LB error SEMI

    DOT  偏移，并进入状态 125
    LB   偏移，并进入状态 126

    $default  使用规则 77 以归约 (Exp)


状态 168

   84 Exp: Exp DOT ID .

    $default  使用规则 84 以归约 (Exp)


状态 169

  109 Exp: Exp LB error . RB
  110    | Exp LB error . SEMI

    SEMI  偏移，并进入状态 181
    RB    偏移，并进入状态 182


状态 170

   70 Exp: Exp . ASSIGNOP Exp
   71    | Exp . AND Exp
   72    | Exp . OR Exp
   73    | Exp . RELOP Exp
   74    | Exp . PLUS Exp
   75    | Exp . MINUS Exp
   76    | Exp . STAR Exp
   77    | Exp . DIV Exp
   83    | Exp . LB Exp RB
   83    | Exp LB Exp . RB
   84    | Exp . DOT ID
   96    | Exp . ASSIGNOP error
   97    | Exp . AND error
   98    | Exp . OR error
   99    | Exp . RELOP error
  100    | Exp . PLUS error
  101    | Exp . MINUS error
  102    | Exp . STAR error
  103    | Exp . DIV error
  109    | Exp . LB error RB
  110    | Exp . LB error SEMI

    ASSIGNOP  偏移，并进入状态 117
    OR        偏移，并进入状态 118
    AND       偏移，并进入状态 119
    RELOP     偏移，并进入状态 120
    PLUS      偏移，并进入状态 121
    MINUS     偏移，并进入状态 122
    STAR      偏移，并进入状态 123
    DIV       偏移，并进入状态 124
    DOT       偏移，并进入状态 125
    LB        偏移，并进入状态 126
    RB        偏移，并进入状态 183


状态 171

  108 Exp: ID LP error SEMI .

    $default  使用规则 108 以归约 (Exp)


状态 172

  107 Exp: ID LP error RP .

    $default  使用规则 107 以归约 (Exp)


状态 173

  111 Args: Exp COMMA . Args

    ID                偏移，并进入状态 64
    INT               偏移，并进入状态 65
    OCTAL             偏移，并进入状态 66
    HEXAL             偏移，并进入状态 67
    illegal_INT       偏移，并进入状态 68
    illegal_OCTAL     偏移，并进入状态 69
    illegal_HEXAL     偏移，并进入状态 70
    FLOAT             偏移，并进入状态 71
    expFLOAT          偏移，并进入状态 72
    illegal_FLOAT     偏移，并进入状态 73
    illegal_expFLOAT  偏移，并进入状态 74
    MINUS             偏移，并进入状态 78
    NOT               偏移，并进入状态 79
    LP                偏移，并进入状态 80

    Exp   转到状态 136
    Args  转到状态 184


状态 174

   81 Exp: ID LP Args RP .

    $default  使用规则 81 以归约 (Exp)


状态 175

   55 Stmt: IF error ELSE Stmt .

    $default  使用规则 55 以归约 (Stmt)


状态 176

   52 Stmt: IF LP error RP . Stmt
   53     | IF LP error RP . Stmt ELSE Stmt

    error             偏移，并进入状态 63
    ID                偏移，并进入状态 64
    LC                偏移，并进入状态 28
    INT               偏移，并进入状态 65
    OCTAL             偏移，并进入状态 66
    HEXAL             偏移，并进入状态 67
    illegal_INT       偏移，并进入状态 68
    illegal_OCTAL     偏移，并进入状态 69
    illegal_HEXAL     偏移，并进入状态 70
    FLOAT             偏移，并进入状态 71
    expFLOAT          偏移，并进入状态 72
    illegal_FLOAT     偏移，并进入状态 73
    illegal_expFLOAT  偏移，并进入状态 74
    RETURN            偏移，并进入状态 75
    IF                偏移，并进入状态 76
    WHILE             偏移，并进入状态 77
    MINUS             偏移，并进入状态 78
    NOT               偏移，并进入状态 79
    LP                偏移，并进入状态 80

    CompSt  转到状态 81
    Stmt    转到状态 185
    Exp     转到状态 84


状态 177

   44 Stmt: IF LP Exp RP . Stmt
   45     | IF LP Exp RP . Stmt ELSE Stmt

    error             偏移，并进入状态 63
    ID                偏移，并进入状态 64
    LC                偏移，并进入状态 28
    INT               偏移，并进入状态 65
    OCTAL             偏移，并进入状态 66
    HEXAL             偏移，并进入状态 67
    illegal_INT       偏移，并进入状态 68
    illegal_OCTAL     偏移，并进入状态 69
    illegal_HEXAL     偏移，并进入状态 70
    FLOAT             偏移，并进入状态 71
    expFLOAT          偏移，并进入状态 72
    illegal_FLOAT     偏移，并进入状态 73
    illegal_expFLOAT  偏移，并进入状态 74
    RETURN            偏移，并进入状态 75
    IF                偏移，并进入状态 76
    WHILE             偏移，并进入状态 77
    MINUS             偏移，并进入状态 78
    NOT               偏移，并进入状态 79
    LP                偏移，并进入状态 80

    CompSt  转到状态 81
    Stmt    转到状态 186
    Exp     转到状态 84


状态 178

   57 Stmt: WHILE error RP Stmt .

    $default  使用规则 57 以归约 (Stmt)


状态 179

   56 Stmt: WHILE LP error RP . Stmt

    error             偏移，并进入状态 63
    ID                偏移，并进入状态 64
    LC                偏移，并进入状态 28
    INT               偏移，并进入状态 65
    OCTAL             偏移，并进入状态 66
    HEXAL             偏移，并进入状态 67
    illegal_INT       偏移，并进入状态 68
    illegal_OCTAL     偏移，并进入状态 69
    illegal_HEXAL     偏移，并进入状态 70
    FLOAT             偏移，并进入状态 71
    expFLOAT          偏移，并进入状态 72
    illegal_FLOAT     偏移，并进入状态 73
    illegal_expFLOAT  偏移，并进入状态 74
    RETURN            偏移，并进入状态 75
    IF                偏移，并进入状态 76
    WHILE             偏移，并进入状态 77
    MINUS             偏移，并进入状态 78
    NOT               偏移，并进入状态 79
    LP                偏移，并进入状态 80

    CompSt  转到状态 81
    Stmt    转到状态 187
    Exp     转到状态 84


状态 180

   46 Stmt: WHILE LP Exp RP . Stmt

    error             偏移，并进入状态 63
    ID                偏移，并进入状态 64
    LC                偏移，并进入状态 28
    INT               偏移，并进入状态 65
    OCTAL             偏移，并进入状态 66
    HEXAL             偏移，并进入状态 67
    illegal_INT       偏移，并进入状态 68
    illegal_OCTAL     偏移，并进入状态 69
    illegal_HEXAL     偏移，并进入状态 70
    FLOAT             偏移，并进入状态 71
    expFLOAT          偏移，并进入状态 72
    illegal_FLOAT     偏移，并进入状态 73
    illegal_expFLOAT  偏移，并进入状态 74
    RETURN            偏移，并进入状态 75
    IF                偏移，并进入状态 76
    WHILE             偏移，并进入状态 77
    MINUS             偏移，并进入状态 78
    NOT               偏移，并进入状态 79
    LP                偏移，并进入状态 80

    CompSt  转到状态 81
    Stmt    转到状态 188
    Exp     转到状态 84


状态 181

  110 Exp: Exp LB error SEMI .

    $default  使用规则 110 以归约 (Exp)


状态 182

  109 Exp: Exp LB error RB .

    $default  使用规则 109 以归约 (Exp)


状态 183

   83 Exp: Exp LB Exp RB .

    $default  使用规则 83 以归约 (Exp)


状态 184

  111 Args: Exp COMMA Args .

    $default  使用规则 111 以归约 (Args)


状态 185

   52 Stmt: IF LP error RP Stmt .
   53     | IF LP error RP Stmt . ELSE Stmt

    ELSE  偏移，并进入状态 189

    $default  使用规则 52 以归约 (Stmt)


状态 186

   44 Stmt: IF LP Exp RP Stmt .
   45     | IF LP Exp RP Stmt . ELSE Stmt

    ELSE  偏移，并进入状态 190

    $default  使用规则 44 以归约 (Stmt)


状态 187

   56 Stmt: WHILE LP error RP Stmt .

    $default  使用规则 56 以归约 (Stmt)


状态 188

   46 Stmt: WHILE LP Exp RP Stmt .

    $default  使用规则 46 以归约 (Stmt)


状态 189

   53 Stmt: IF LP error RP Stmt ELSE . Stmt

    error             偏移，并进入状态 63
    ID                偏移，并进入状态 64
    LC                偏移，并进入状态 28
    INT               偏移，并进入状态 65
    OCTAL             偏移，并进入状态 66
    HEXAL             偏移，并进入状态 67
    illegal_INT       偏移，并进入状态 68
    illegal_OCTAL     偏移，并进入状态 69
    illegal_HEXAL     偏移，并进入状态 70
    FLOAT             偏移，并进入状态 71
    expFLOAT          偏移，并进入状态 72
    illegal_FLOAT     偏移，并进入状态 73
    illegal_expFLOAT  偏移，并进入状态 74
    RETURN            偏移，并进入状态 75
    IF                偏移，并进入状态 76
    WHILE             偏移，并进入状态 77
    MINUS             偏移，并进入状态 78
    NOT               偏移，并进入状态 79
    LP                偏移，并进入状态 80

    CompSt  转到状态 81
    Stmt    转到状态 191
    Exp     转到状态 84


状态 190

   45 Stmt: IF LP Exp RP Stmt ELSE . Stmt

    error             偏移，并进入状态 63
    ID                偏移，并进入状态 64
    LC                偏移，并进入状态 28
    INT               偏移，并进入状态 65
    OCTAL             偏移，并进入状态 66
    HEXAL             偏移，并进入状态 67
    illegal_INT       偏移，并进入状态 68
    illegal_OCTAL     偏移，并进入状态 69
    illegal_HEXAL     偏移，并进入状态 70
    FLOAT             偏移，并进入状态 71
    expFLOAT          偏移，并进入状态 72
    illegal_FLOAT     偏移，并进入状态 73
    illegal_expFLOAT  偏移，并进入状态 74
    RETURN            偏移，并进入状态 75
    IF                偏移，并进入状态 76
    WHILE             偏移，并进入状态 77
    MINUS             偏移，并进入状态 78
    NOT               偏移，并进入状态 79
    LP                偏移，并进入状态 80

    CompSt  转到状态 81
    Stmt    转到状态 192
    Exp     转到状态 84


状态 191

   53 Stmt: IF LP error RP Stmt ELSE Stmt .

    $default  使用规则 53 以归约 (Stmt)


状态 192

   45 Stmt: IF LP Exp RP Stmt ELSE Stmt .

    $default  使用规则 45 以归约 (Stmt)
